<?xml version="1.0" encoding="UTF-8" ?>
<testsuite errors="2" failures="1" hostname="DESKTOP-A0LR1BR" name="playblackjack.PlayBlackjackTest" skipped="0" tests="5" time="0.088" timestamp="2019-04-20T23:19:20">
  <properties>
[...]
</properties>
  <testcase classname="playblackjack.PlayBlackjackTest" name="testCalculateAmount" time="0.008" />
  <testcase classname="playblackjack.PlayBlackjackTest" name="testShowPlayersHand" time="0.006">
    <failure message="The test case is a prototype." type="junit.framework.AssertionFailedError">junit.framework.AssertionFailedError: The test case is a prototype.
	at playblackjack.PlayBlackjackTest.testShowPlayersHand(PlayBlackjackTest.java:74)
</failure>
  </testcase>
  <testcase classname="playblackjack.PlayBlackjackTest" name="testShowDealersHand" time="0.001">
    <error message="Index: 0, Size: 0" type="java.lang.IndexOutOfBoundsException">java.lang.IndexOutOfBoundsException: Index: 0, Size: 0
	at java.util.ArrayList.rangeCheck(ArrayList.java:657)
	at java.util.ArrayList.get(ArrayList.java:433)
	at playblackjack.PlayBlackjack.showDealersHand(PlayBlackjack.java:149)
	at playblackjack.PlayBlackjackTest.testShowDealersHand(PlayBlackjackTest.java:60)
</error>
  </testcase>
  <testcase classname="playblackjack.PlayBlackjackTest" name="testDealersMove" time="0.002">
    <error type="java.lang.NullPointerException">java.lang.NullPointerException
	at playblackjack.PlayBlackjack.dealCard(PlayBlackjack.java:86)
	at playblackjack.PlayBlackjack.dealersMove(PlayBlackjack.java:171)
	at playblackjack.PlayBlackjackTest.testDealersMove(PlayBlackjackTest.java:84)
</error>
  </testcase>
  <testcase classname="playblackjack.PlayBlackjackTest" name="testDeclareWinnerDraw" time="0.001" />
  <system-out><![CDATA[calculateAmount for player 1
The current hand value: 0
showPlayersHand

Player's cards
showDealersHand
Dealer's cards
dealersMove
Dealer Hits
declareWinner
Draw
Draw
]]></system-out>
  <system-err><![CDATA[]]></system-err>
</testsuite>
